{
  "stats": {
    "suites": 1,
    "tests": 1,
    "passes": 0,
    "pending": 0,
    "failures": 1,
    "start": "2022-11-05T06:13:33.053Z",
    "end": "2022-11-05T06:13:50.781Z",
    "duration": 17728,
    "testsRegistered": 1,
    "passPercent": 0,
    "pendingPercent": 0,
    "other": 0,
    "hasOther": false,
    "skipped": 0,
    "hasSkipped": false
  },
  "results": [
    {
      "uuid": "cc9b94b5-a087-413f-b27e-9d1454dbb9d2",
      "title": "",
      "fullFile": "cypress\\Integeration\\Examples\\Validate_attribute_behaviour.js",
      "file": "cypress\\Integeration\\Examples\\Validate_attribute_behaviour.js",
      "beforeHooks": [],
      "afterHooks": [],
      "tests": [],
      "suites": [
        {
          "uuid": "e526f2f7-cce4-4f6c-b0fc-ea9442781d92",
          "title": "My first test suite",
          "fullFile": "",
          "file": "",
          "beforeHooks": [],
          "afterHooks": [],
          "tests": [
            {
              "title": "my first test",
              "fullTitle": "My first test suite my first test",
              "timedOut": null,
              "duration": 16572,
              "state": "failed",
              "speed": null,
              "pass": false,
              "fail": true,
              "pending": false,
              "context": null,
              "code": "const homePage = new _HomePage.default();\nconst productPage = new _ProductPage.default(); //cy.visit(cypress.env(url))\ncy.visit('https://rahulshettyacademy.com/angularpractice/'); //cy.get(\"input[name='name']\").eq(0).type(this.data.name)\n// cy.get('input[name=\"name\"]:nth-child(2)').type(this.data.name)\nhomePage.getEditbox().type(this.data.name);\nhomePage.getGender().select('Male');\ncy.get(':nth-child(4) > .ng-untouched').should('have.value', this.data.name);\ncy.get('input[name=\"name\"]:nth-child(2)').should('have.attr', 'minlength', '2');\nhomePage.getEnterpreneaur().should('be.disabled'); // pause \n//cy.pause()\nhomePage.getShoptab().click(); // cy.get('h4.card-title').each(($element,index,$list)=>{\n//     if($element.text().includes('Blackberry')){\n//         cy.get('button.btn.btn-info').eq(index).click()\n//     }\n// })\n// or way by using custom command\n// cy.selectproduct('Blackberry')\n// cy.selectproduct('Nokia Edge')\n//this.data.productname\nthis.data.productName.forEach(function (element, index, array) {\n  cy.selectproduct(element);\n});\nproductPage.getcheckoutButton().click();\nvar sum = 0;\ncy.get('tr td:nth-child(4) strong').each(($element, index) => {\n  const amount = $element.text();\n  var result = amount.split(\" \");\n  result = result[1].trim();\n  sum = Number(sum) + Number(result);\n}).then(function () {\n  cy.log(sum);\n});\ncy.get('h3 strong').then(function (element) {\n  const amount = element.text();\n  const result = amount.split(\" \");\n  var total = result[1].trim();\n  expect(Number(total)).to.equal(sum);\n});\ncy.contains('Checkout').click();\ncy.get('#country').type('india'); //cy.get('.suggestions > ul > li > a').click()\ncy.contains('India').click();\ncy.get(\"input[type='submit']\").click(); //cy.get(\"input[type='checkbox']\").click()\ncy.get('.checkbox').click();\nCypress.config('defaultCommandTimeout', 8000); // cy.get('.alert').\n// should('have.text','Success! Thank you! Your order will be delivered in next few weeks :-).')\ncy.get('.alert').then(function ($element) {\n  const actual = $element.text();\n  expect(actual.includes(\"Success\")).to.be.true;\n});",
              "err": {
                "message": "CypressError: Timed out retrying after 8050ms: `cy.click()` failed because this element:\n\n`<div class=\"checkbox checkbox-primary\">...</div>`\n\nis being covered by another element:\n\n`<a>India</a>`\n\nFix this problem, or use {force: true} to disable error checking.\n\nhttps://on.cypress.io/element-cannot-be-interacted-with",
                "estack": "CypressError: Timed out retrying after 8050ms: `cy.click()` failed because this element:\n\n`<div class=\"checkbox checkbox-primary\">...</div>`\n\nis being covered by another element:\n\n`<a>India</a>`\n\nFix this problem, or use {force: true} to disable error checking.\n\nhttps://on.cypress.io/element-cannot-be-interacted-with\n    at $Cy.ensureDescendents (https://rahulshettyacademy.com/__cypress/runner/cypress_runner.js:147749:78)\n    at ensureDescendents (https://rahulshettyacademy.com/__cypress/runner/cypress_runner.js:133193:8)\n    at ensureDescendentsAndScroll (https://rahulshettyacademy.com/__cypress/runner/cypress_runner.js:133200:14)\n    at ensureElIsNotCovered (https://rahulshettyacademy.com/__cypress/runner/cypress_runner.js:133332:5)\n    at runAllChecks (https://rahulshettyacademy.com/__cypress/runner/cypress_runner.js:133522:52)\n    at retryActionability (https://rahulshettyacademy.com/__cypress/runner/cypress_runner.js:133546:16)\n    at tryCatcher (https://rahulshettyacademy.com/__cypress/runner/cypress_runner.js:11318:23)\n    at Promise.attempt.Promise.try (https://rahulshettyacademy.com/__cypress/runner/cypress_runner.js:8592:29)\n    at whenStable (https://rahulshettyacademy.com/__cypress/runner/cypress_runner.js:152819:65)\n    at <unknown> (https://rahulshettyacademy.com/__cypress/runner/cypress_runner.js:152244:14)\n    at tryCatcher (https://rahulshettyacademy.com/__cypress/runner/cypress_runner.js:11318:23)\n    at Promise._settlePromiseFromHandler (https://rahulshettyacademy.com/__cypress/runner/cypress_runner.js:9253:31)\n    at Promise._settlePromise (https://rahulshettyacademy.com/__cypress/runner/cypress_runner.js:9310:18)\n    at Promise._settlePromise0 (https://rahulshettyacademy.com/__cypress/runner/cypress_runner.js:9355:10)\n    at Promise._settlePromises (https://rahulshettyacademy.com/__cypress/runner/cypress_runner.js:9435:18)\n    at Promise._fulfill (https://rahulshettyacademy.com/__cypress/runner/cypress_runner.js:9379:18)\n    at <unknown> (https://rahulshettyacademy.com/__cypress/runner/cypress_runner.js:10993:46)\nFrom Your Spec Code:\n    at Context.eval (webpack:///./cypress/Integeration/Examples/Validate_attribute_behaviour.js:61:28)",
                "diff": null
              },
              "uuid": "1a5bea20-5a5d-48a8-a788-cfe10325c8d6",
              "parentUUID": "e526f2f7-cce4-4f6c-b0fc-ea9442781d92",
              "isHook": false,
              "skipped": false
            }
          ],
          "suites": [],
          "passes": [],
          "failures": [
            "1a5bea20-5a5d-48a8-a788-cfe10325c8d6"
          ],
          "pending": [],
          "skipped": [],
          "duration": 16572,
          "root": false,
          "rootEmpty": false,
          "_timeout": 2000
        }
      ],
      "passes": [],
      "failures": [],
      "pending": [],
      "skipped": [],
      "duration": 0,
      "root": true,
      "rootEmpty": true,
      "_timeout": 2000
    }
  ],
  "meta": {
    "mocha": {
      "version": "7.0.1"
    },
    "mochawesome": {
      "options": {
        "quiet": false,
        "reportFilename": "mochawesome",
        "saveHtml": true,
        "saveJson": true,
        "consoleReporter": "spec",
        "useInlineDiffs": false,
        "code": true
      },
      "version": "7.1.3"
    },
    "marge": {
      "options": null,
      "version": "6.2.0"
    }
  }
}